TN:
SF:src/util.js
FN:2,log
FNF:1
FNH:1
FNDA:5,log
DA:1,1
DA:2,5
DA:3,5
DA:4,5
DA:5,5
DA:6,1
DA:7,1
DA:8,1
DA:9,1
LF:9
LH:9
BRDA:2,0,0,5
BRF:1
BRH:1
end_of_record
TN:
SF:src/streamComponents/csvtondjson.js
FN:5,<instance_members_initializer>
FN:10,CSVToNDJSON
FN:19,#updateBuffer
FN:58,_transform
FN:70,_final
FNF:5
FNH:5
FNDA:4,<instance_members_initializer>
FNDA:4,CSVToNDJSON
FNDA:6,#updateBuffer
FNDA:4,_transform
FNDA:4,_final
DA:1,1
DA:2,1
DA:3,1
DA:4,1
DA:5,1
DA:6,4
DA:7,4
DA:8,4
DA:9,4
DA:10,4
DA:11,4
DA:12,4
DA:13,4
DA:14,4
DA:15,4
DA:16,4
DA:17,4
DA:18,4
DA:19,4
DA:20,6
DA:21,6
DA:22,6
DA:23,6
DA:24,6
DA:25,6
DA:26,6
DA:27,6
DA:28,6
DA:29,21
DA:30,21
DA:31,15
DA:32,15
DA:33,15
DA:34,15
DA:35,15
DA:36,15
DA:37,15
DA:38,15
DA:39,15
DA:40,15
DA:41,15
DA:42,21
DA:43,11
DA:44,11
DA:45,21
DA:46,25
DA:47,25
DA:48,25
DA:49,21
DA:50,21
DA:51,21
DA:52,21
DA:53,7
DA:54,7
DA:55,7
DA:56,7
DA:57,6
DA:58,4
DA:59,4
DA:60,4
DA:61,5
DA:62,5
DA:63,4
DA:64,4
DA:65,4
DA:66,4
DA:67,4
DA:68,4
DA:69,4
DA:70,4
DA:71,4
DA:72,2
DA:73,2
DA:74,2
DA:75,2
DA:76,2
DA:77,2
DA:78,2
DA:79,4
LF:79
LH:79
BRDA:5,0,0,4
BRDA:10,1,0,4
BRDA:19,2,0,6
BRDA:28,3,0,21
BRDA:30,4,0,6
BRDA:30,5,0,15
BRDA:42,6,0,4
BRDA:42,7,0,11
BRDA:45,8,0,25
BRDA:48,9,0,4
BRDA:48,10,0,21
BRDA:51,11,0,11
BRDA:52,12,0,4
BRDA:52,13,0,7
BRDA:58,14,0,4
BRDA:60,15,0,5
BRDA:70,16,0,4
BRDA:71,17,0,2
BRF:18
BRH:18
end_of_record
TN:
SF:src/streamComponents/reporter.js
FN:8,<instance_members_initializer>
FN:11,Reporter
FN:15,#onData
FN:23,progress
FNF:4
FNH:4
FNDA:2,<instance_members_initializer>
FNDA:2,Reporter
FNDA:2,#onData
FNDA:2,progress
DA:1,1
DA:2,1
DA:3,1
DA:4,1
DA:5,1
DA:6,1
DA:7,1
DA:8,1
DA:9,2
DA:10,2
DA:11,2
DA:12,2
DA:13,2
DA:14,2
DA:15,2
DA:16,2
DA:17,2
DA:18,12
DA:19,12
DA:20,12
DA:21,12
DA:22,2
DA:23,2
DA:24,2
DA:25,2
DA:26,2
DA:27,2
DA:28,2
DA:29,2
LF:29
LH:29
BRDA:8,0,0,2
BRDA:11,1,0,2
BRDA:15,2,0,2
BRDA:17,3,0,12
BRDA:23,4,0,2
BRDA:26,5,0,2
BRF:6
BRH:6
end_of_record
