TN:
SF:src/streamComponents/csvtondjson.js
FN:5,<instance_members_initializer>
FN:10,CSVToNDJSON
FN:19,#updateBuffer
FN:58,_transform
FN:70,_final
FNF:5
FNH:5
FNDA:3,<instance_members_initializer>
FNDA:3,CSVToNDJSON
FNDA:4,#updateBuffer
FNDA:3,_transform
FNDA:3,_final
DA:1,1
DA:2,1
DA:3,1
DA:4,1
DA:5,1
DA:6,3
DA:7,3
DA:8,3
DA:9,3
DA:10,3
DA:11,3
DA:12,3
DA:13,3
DA:14,3
DA:15,3
DA:16,3
DA:17,3
DA:18,3
DA:19,3
DA:20,4
DA:21,4
DA:22,4
DA:23,4
DA:24,4
DA:25,4
DA:26,4
DA:27,4
DA:28,4
DA:29,15
DA:30,15
DA:31,11
DA:32,11
DA:33,11
DA:34,11
DA:35,11
DA:36,11
DA:37,11
DA:38,11
DA:39,11
DA:40,11
DA:41,11
DA:42,15
DA:43,7
DA:44,7
DA:45,15
DA:46,15
DA:47,15
DA:48,15
DA:49,12
DA:50,12
DA:51,12
DA:52,15
DA:53,4
DA:54,4
DA:55,4
DA:56,4
DA:57,4
DA:58,3
DA:59,3
DA:60,3
DA:61,3
DA:62,3
DA:63,3
DA:64,3
DA:65,3
DA:66,3
DA:67,3
DA:68,3
DA:69,3
DA:70,3
DA:71,3
DA:72,1
DA:73,1
DA:74,1
DA:75,1
DA:76,1
DA:77,1
DA:78,1
DA:79,3
LF:79
LH:79
BRDA:5,0,0,3
BRDA:10,1,0,3
BRDA:19,2,0,4
BRDA:28,3,0,15
BRDA:30,4,0,4
BRDA:30,5,0,11
BRDA:42,6,0,4
BRDA:42,7,0,7
BRDA:48,8,0,3
BRDA:48,9,0,12
BRDA:51,10,0,7
BRDA:52,11,0,3
BRDA:52,12,0,4
BRDA:58,13,0,3
BRDA:70,14,0,3
BRDA:71,15,0,2
BRDA:72,16,0,1
BRF:17
BRH:17
end_of_record
